commit 48abfa96e94c34511fe3c66ac813928246fd5cb1
Author: Ian Urban <urbanian4@gmail.com>
Date:   Thu Mar 28 01:36:29 2024 -0300

    Agregando 2 párrafos

commit ce78c04351a679ed22f6e2a43b174b3088039324
Merge: 74720d4 cb065f5
Author: Ian Urban <urbanian4@gmail.com>
Date:   Thu Mar 28 01:34:11 2024 -0300

    Agregando estaciones del año con fecha de inicio

commit 74720d49f574422241ea734647865db5b8893f09
Author: Ian Urban <urbanian4@gmail.com>
Date:   Thu Mar 28 01:21:20 2024 -0300

    Agregando estaciones de año con fecha de inicio

commit cb065f5d060cf7b905c0d3d3fd2cf5095cf9b54a
Author: Ian Urban <urbanian4@gmail.com>
Date:   Thu Mar 28 01:21:20 2024 -0300

    Agregando estaciones del año

commit c870ffd3635805ce985a91130445eb35e4544cc3
Merge: d9090da ef1139a
Author: Ian Urban <urbanian4@gmail.com>
Date:   Mon Mar 25 23:25:09 2024 -0300

    Resolviendo conflicto merge main/html en el documento index.html

commit ef1139a13175fcdadc435aeb67fd362227ce78fd
Author: Ian Urban <urbanian4@gmail.com>
Date:   Mon Mar 25 23:18:55 2024 -0300

    Agregando index.js al index.html

commit d9090da50d07950c0170f3df46f147d39b6b7b96
Author: Ian Urban <urbanian4@gmail.com>
Date:   Mon Mar 25 23:15:02 2024 -0300

    Agregando Style.css al index.html

commit e31f142963e078ac01ddb4dbb6c2f49d82576160
Merge: 97f0e72 83bf791
Author: Ian Urban <urbanian4@gmail.com>
Date:   Mon Mar 25 23:04:32 2024 -0300

    Merge branch 'js'

commit 83bf7915b3f0762caecb2f854f96fcda3dbb3b2d
Author: Ian Urban <urbanian4@gmail.com>
Date:   Sun Mar 24 00:54:46 2024 -0300

    Creando index.js

commit 97f0e72b829c3f2fb86d6a57691823b2f15ea950
Author: Ian Urban <urbanian4@gmail.com>
Date:   Sun Mar 24 00:49:27 2024 -0300

    Creando style.css

commit cb8c148ce7d3a06b58d4131f279362099f9fa81b
Author: Ian Urban <urbanian4@gmail.com>
Date:   Sun Mar 24 00:44:42 2024 -0300

    Creand index.html

commit 1333c375644165652b3ff2b7ecfdfb7c13947ec1
Author: Ian Urban <urbanian4@gmail.com>
Date:   Thu Mar 21 18:18:33 2024 -0300

    Ignorando Archivos .exe

commit e3e824d6257fbcfb61a07e7b02f7a6d67b9adb60
Author: ianurban123 <136033698+ianurban123@users.noreply.github.com>
Date:   Tue Mar 19 18:14:25 2024 -0300

    Creado licencia del repositorio

commit 05408a89f8d2ffadab3a5498807dbd13a4d433e7
Author: Ian Urban <urbanian4@gmail.com>
Date:   Sun Mar 17 00:31:46 2024 -0300

    Agregando más contenido al README

commit d49b73663bd032a28b65178acdbd27c621414620
Author: Ian Urban <urbanian4@gmail.com>
Date:   Fri Mar 15 17:41:57 2024 -0300

    Agregando contenido inicial al README

commit c7b854659d002e6cf8f7ff37bef5795c741db13d
Author: Ian Urban <urbanian4@gmail.com>
Date:   Fri Mar 15 17:37:30 2024 -0300

    Primer commit
